2025-06-02 19:12:39,546 - __main__ - INFO - === Server Initialization ===
2025-06-02 19:12:39,546 - __main__ - INFO - Server process ID: 28108
2025-06-02 19:12:39,546 - __main__ - INFO - Server start time: 1748871759.546013
2025-06-02 19:12:39,546 - __main__ - INFO - Memory address of active_challenges: 1841633041088
2025-06-02 19:12:39,547 - __main__ - INFO - Initial active challenges: []
2025-06-02 19:12:39,557 - engineio.server - INFO - Server initialized for eventlet.
2025-06-02 19:12:49,899 - engineio.server - INFO - SWwTaphoSBieJ5SEAAAA: Sending packet OPEN data {'sid': 'SWwTaphoSBieJ5SEAAAA', 'upgrades': [], 'pingTimeout': 60000, 'pingInterval': 25000, 'maxPayload': 1000000}
2025-06-02 19:12:49,900 - engineio.server - INFO - SWwTaphoSBieJ5SEAAAA: Received request to upgrade to websocket
2025-06-02 19:12:49,901 - engineio.server - INFO - SWwTaphoSBieJ5SEAAAA: Upgrade to websocket successful
2025-06-02 19:12:49,919 - engineio.server - INFO - QD9MgDS_7J4UvFkbAAAB: Sending packet OPEN data {'sid': 'QD9MgDS_7J4UvFkbAAAB', 'upgrades': [], 'pingTimeout': 60000, 'pingInterval': 25000, 'maxPayload': 1000000}
2025-06-02 19:12:49,921 - engineio.server - INFO - QD9MgDS_7J4UvFkbAAAB: Received request to upgrade to websocket
2025-06-02 19:12:49,922 - engineio.server - INFO - QD9MgDS_7J4UvFkbAAAB: Upgrade to websocket successful
2025-06-02 19:12:49,927 - engineio.server - INFO - QD9MgDS_7J4UvFkbAAAB: Received packet MESSAGE data 0
2025-06-02 19:12:49,930 - engineio.server - INFO - QD9MgDS_7J4UvFkbAAAB: Sending packet MESSAGE data 0{"sid":"DotWgnnwTL0vWBpjAAAC"}
2025-06-02 19:13:05,886 - __main__ - INFO - === Challenge Storage ===
2025-06-02 19:13:05,887 - __main__ - INFO - Storing challenge: 187a8dd920aea632ae6844fc14ca06ca
2025-06-02 19:13:05,887 - __main__ - INFO - Current time: 1748871785.8863814
2025-06-02 19:13:05,888 - __main__ - INFO - Expiry time: 1748872085.8863814
2025-06-02 19:13:05,888 - __main__ - INFO - TTL: 300 seconds
2025-06-02 19:13:05,889 - __main__ - INFO - Active challenges before storage: [('187a8dd920aea632ae6844fc14ca06ca', 1748872085.8863814)]
2025-06-02 19:13:05,889 - __main__ - INFO - Active challenges after storage: [('187a8dd920aea632ae6844fc14ca06ca', 1748872085.8863814)]
2025-06-02 19:13:05,890 - __main__ - INFO - Memory address of active_challenges: 1841633041088
2025-06-02 19:13:05,890 - __main__ - INFO - === Challenge Generation ===
2025-06-02 19:13:05,890 - __main__ - INFO - Generated new challenge: 187a8dd920aea632ae6844fc14ca06ca
2025-06-02 19:13:05,891 - __main__ - INFO - Challenge created at: 1748871785.8863814
2025-06-02 19:13:05,891 - __main__ - INFO - Challenge expires at: 1748872085.8863814
2025-06-02 19:13:05,891 - __main__ - INFO - Challenge TTL: 300 seconds
2025-06-02 19:13:05,891 - __main__ - INFO - Active challenges before storage: [('187a8dd920aea632ae6844fc14ca06ca', 1748872085.8863814)]
2025-06-02 19:13:05,891 - __main__ - INFO - Active challenges after storage: [('187a8dd920aea632ae6844fc14ca06ca', 1748872085.8863814)]
2025-06-02 19:13:08,746 - __main__ - INFO - === Starting scan request ===
2025-06-02 19:13:08,746 - __main__ - INFO - Request headers: {'Content-Type': 'application/json', 'Content-Length': '64', 'Host': '127.0.0.1:5000', 'Connection': 'keep-alive', 'Sec-Ch-Ua-Platform': '"Android"', 'User-Agent': 'Mozilla/5.0 (Linux; Android 6.0; Nexus 5 Build/MRA58N) AppleWebKit/537.36 (KHTML, like Gecko) Chrome/136.0.0.0 Mobile Safari/537.36 Edg/136.0.0.0', 'X-Captcha-Token': '187a8dd920aea632ae6844fc14ca06ca:32299', 'Sec-Ch-Ua': '"Chromium";v="136", "Microsoft Edge";v="136", "Not.A/Brand";v="99"', 'Sec-Ch-Ua-Mobile': '?1', 'Accept': '*/*', 'Origin': 'http://localhost:5174', 'Sec-Fetch-Site': 'cross-site', 'Sec-Fetch-Mode': 'cors', 'Sec-Fetch-Dest': 'empty', 'Referer': 'http://localhost:5174/', 'Accept-Encoding': 'gzip, deflate, br, zstd', 'Accept-Language': 'en-US,en;q=0.9,en-IN;q=0.8,it-IT;q=0.7,it;q=0.6'}
2025-06-02 19:13:08,746 - __main__ - INFO - Request data: b'{"url":"https://hostek.com","session_id":"DotWgnnwTL0vWBpjAAAC"}'
2025-06-02 19:13:08,747 - __main__ - INFO - Request origin: http://localhost:5174
2025-06-02 19:13:08,748 - __main__ - INFO - Request remote addr: 127.0.0.1
2025-06-02 19:13:08,748 - __main__ - INFO - Request X-Forwarded-For: None
2025-06-02 19:13:08,749 - __main__ - INFO - Request X-Real-IP: None
2025-06-02 19:13:08,750 - __main__ - INFO - Received scan request for URL: https://hostek.com, session_id: DotWgnnwTL0vWBpjAAAC
2025-06-02 19:13:08,751 - __main__ - INFO - CAPTCHA token from header: 187a8dd920aea632ae6844fc14ca06ca:32299
2025-06-02 19:13:08,751 - __main__ - INFO - Split token - Challenge: 187a8dd920aea632ae6844fc14ca06ca, Nonce: 32299
2025-06-02 19:13:08,752 - __main__ - INFO - Current active challenges: ['187a8dd920aea632ae6844fc14ca06ca']
2025-06-02 19:13:08,752 - __main__ - INFO - Verifying CAPTCHA at 1748871788.752083
2025-06-02 19:13:08,752 - __main__ - INFO - Challenge: 187a8dd920aea632ae6844fc14ca06ca, Nonce: 32299
2025-06-02 19:13:08,753 - __main__ - INFO - Active challenges: [('187a8dd920aea632ae6844fc14ca06ca', 1748872085.8863814)]
2025-06-02 19:13:08,753 - __main__ - INFO - Checking challenge 187a8dd920aea632ae6844fc14ca06ca - Current: 1748871788.7535717, Expires: 1748872085.8863814, Valid: True
2025-06-02 19:13:08,754 - __main__ - INFO - CAPTCHA verification successful
2025-06-02 19:13:08,754 - __main__ - INFO - CAPTCHA verification successful, removed challenge 187a8dd920aea632ae6844fc14ca06ca
2025-06-02 19:13:08,755 - __main__ - INFO - Remaining active challenges: []
2025-06-02 19:13:08,755 - __main__ - INFO - Checking scan limit for URL: https://hostek.com
2025-06-02 19:13:08,759 - __main__ - INFO - User IP: 127.0.0.1, Timestamp: 2025-06-02 19:13:08.759983
2025-06-02 19:13:08,760 - __main__ - INFO - Generated scan_id: 6103c012-a0e0-4e12-80e1-711f69d2626b
2025-06-02 19:13:08,766 - __main__ - INFO - Scan request saved to database with scan_id: 6103c012-a0e0-4e12-80e1-711f69d2626b
2025-06-02 19:13:08,767 - __main__ - INFO - Added https://hostek.com to running scans
2025-06-02 19:13:08,767 - __main__ - INFO - Starting scan thread for https://hostek.com
2025-06-02 19:13:08,775 - urllib3.connectionpool - DEBUG - Starting new HTTPS connection (1): hostek.com:443
2025-06-02 19:13:08,776 - __main__ - INFO - Scan thread started successfully
2025-06-02 19:13:11,221 - urllib3.connectionpool - DEBUG - https://hostek.com:443 "GET / HTTP/1.1" 200 122080
2025-06-02 19:13:11,229 - urllib3.connectionpool - DEBUG - Starting new HTTP connection (1): 127.0.0.1:8080
2025-06-02 19:13:11,369 - urllib3.connectionpool - DEBUG - http://127.0.0.1:8080 "GET http://zap/JSON/context/action/newContext/?contextName=context_6103c012-a0e0-4e12-80e1-711f69d2626b HTTP/1.1" 200 17
2025-06-02 19:13:11,370 - urllib3.connectionpool - DEBUG - Starting new HTTP connection (1): 127.0.0.1:8080
2025-06-02 19:13:11,379 - urllib3.connectionpool - DEBUG - http://127.0.0.1:8080 "GET http://zap/JSON/context/action/includeInContext/?contextName=context_6103c012-a0e0-4e12-80e1-711f69d2626b&regex=.%2Ahttps%3A%2F%2Fhostek.com.%2A HTTP/1.1" 200 15
2025-06-02 19:13:11,383 - urllib3.connectionpool - DEBUG - Starting new HTTP connection (1): 127.0.0.1:8080
2025-06-02 19:13:11,386 - urllib3.connectionpool - DEBUG - http://127.0.0.1:8080 "GET http://zap/JSON/spider/action/scan/?url=https%3A%2F%2Fhostek.com&contextName=context_6103c012-a0e0-4e12-80e1-711f69d2626b HTTP/1.1" 200 12
2025-06-02 19:13:11,389 - urllib3.connectionpool - DEBUG - Starting new HTTP connection (1): 127.0.0.1:8080
2025-06-02 19:13:11,392 - urllib3.connectionpool - DEBUG - http://127.0.0.1:8080 "GET http://zap/JSON/spider/view/status/?scanId=5 HTTP/1.1" 200 14
2025-06-02 19:13:11,395 - urllib3.connectionpool - DEBUG - Starting new HTTP connection (1): 127.0.0.1:8080
2025-06-02 19:13:11,399 - urllib3.connectionpool - DEBUG - http://127.0.0.1:8080 "GET http://zap/JSON/spider/view/status/?scanId=5 HTTP/1.1" 200 14
2025-06-02 19:13:11,400 - socketio.server - INFO - emitting event "scan_progress" to DotWgnnwTL0vWBpjAAAC [/]
2025-06-02 19:13:11,401 - engineio.server - INFO - QD9MgDS_7J4UvFkbAAAB: Sending packet MESSAGE data 2["scan_progress",{"scan_id":"6103c012-a0e0-4e12-80e1-711f69d2626b","message":"Discovering site structure...","progress":0,"phase":"Spider Scan"}]
2025-06-02 19:13:12,059 - urllib3.connectionpool - DEBUG - Starting new HTTP connection (1): 127.0.0.1:8080
2025-06-02 19:13:13,402 - urllib3.connectionpool - DEBUG - Starting new HTTP connection (1): 127.0.0.1:8080
2025-06-02 19:13:13,419 - urllib3.connectionpool - DEBUG - http://127.0.0.1:8080 "GET http://zap/JSON/spider/view/status/?scanId=5 HTTP/1.1" 200 14
2025-06-02 19:13:13,421 - urllib3.connectionpool - DEBUG - Starting new HTTP connection (1): 127.0.0.1:8080
2025-06-02 19:13:13,433 - urllib3.connectionpool - DEBUG - http://127.0.0.1:8080 "GET http://zap/JSON/spider/view/status/?scanId=5 HTTP/1.1" 200 14
2025-06-02 19:13:13,434 - socketio.server - INFO - emitting event "scan_progress" to DotWgnnwTL0vWBpjAAAC [/]
2025-06-02 19:13:13,435 - engineio.server - INFO - QD9MgDS_7J4UvFkbAAAB: Sending packet MESSAGE data 2["scan_progress",{"scan_id":"6103c012-a0e0-4e12-80e1-711f69d2626b","message":"Discovering site structure...","progress":2,"phase":"Spider Scan"}]
2025-06-02 19:13:14,071 - urllib3.connectionpool - DEBUG - http://127.0.0.1:8080 "GET http://zap/JSON/spider/action/stopAllScans/ HTTP/1.1" 200 15
2025-06-02 19:13:14,073 - urllib3.connectionpool - DEBUG - Starting new HTTP connection (1): 127.0.0.1:8080
2025-06-02 19:13:14,078 - urllib3.connectionpool - DEBUG - http://127.0.0.1:8080 "GET http://zap/JSON/ascan/action/stopAllScans/ HTTP/1.1" 200 15
2025-06-02 19:13:14,080 - urllib3.connectionpool - DEBUG - Starting new HTTP connection (1): 127.0.0.1:8080
2025-06-02 19:13:14,091 - urllib3.connectionpool - DEBUG - http://127.0.0.1:8080 "GET http://zap/JSON/pscan/action/disableAllScanners/ HTTP/1.1" 200 15
2025-06-02 19:13:14,094 - urllib3.connectionpool - DEBUG - Starting new HTTP connection (1): 127.0.0.1:8080
2025-06-02 19:13:14,109 - urllib3.connectionpool - DEBUG - http://127.0.0.1:8080 "GET http://zap/JSON/context/action/removeContext/?contextName=context_6103c012-a0e0-4e12-80e1-711f69d2626b HTTP/1.1" 200 15
2025-06-02 19:13:14,110 - socketio.server - INFO - emitting event "scan_stopped" to DotWgnnwTL0vWBpjAAAC [/]
2025-06-02 19:13:14,110 - engineio.server - INFO - QD9MgDS_7J4UvFkbAAAB: Sending packet MESSAGE data 2["scan_stopped",{"scan_id":"6103c012-a0e0-4e12-80e1-711f69d2626b","message":"Scan stopped by user","status":"stopped"}]
2025-06-02 19:13:14,918 - engineio.server - INFO - QD9MgDS_7J4UvFkbAAAB: Sending packet PING data None
2025-06-02 19:13:14,920 - engineio.server - INFO - QD9MgDS_7J4UvFkbAAAB: Received packet PONG data 
2025-06-02 19:13:15,438 - urllib3.connectionpool - DEBUG - Starting new HTTP connection (1): 127.0.0.1:8080
2025-06-02 19:13:15,444 - urllib3.connectionpool - DEBUG - http://127.0.0.1:8080 "GET http://zap/JSON/spider/view/status/?scanId=5 HTTP/1.1" 200 16
2025-06-02 19:13:15,447 - urllib3.connectionpool - DEBUG - Starting new HTTP connection (1): 127.0.0.1:8080
2025-06-02 19:13:15,454 - urllib3.connectionpool - DEBUG - http://127.0.0.1:8080 "GET http://zap/JSON/context/action/removeContext/?contextName=context_6103c012-a0e0-4e12-80e1-711f69d2626b HTTP/1.1" 400 52
2025-06-02 19:13:15,455 - __main__ - INFO - Removed https://hostek.com from running scans
2025-06-02 19:13:39,925 - engineio.server - INFO - QD9MgDS_7J4UvFkbAAAB: Sending packet PING data None
2025-06-02 19:13:39,927 - engineio.server - INFO - QD9MgDS_7J4UvFkbAAAB: Received packet PONG data 
2025-06-02 19:14:04,937 - engineio.server - INFO - QD9MgDS_7J4UvFkbAAAB: Sending packet PING data None
2025-06-02 19:14:04,940 - engineio.server - INFO - QD9MgDS_7J4UvFkbAAAB: Received packet PONG data 
2025-06-02 19:14:29,948 - engineio.server - INFO - QD9MgDS_7J4UvFkbAAAB: Sending packet PING data None
2025-06-02 19:14:29,949 - engineio.server - INFO - QD9MgDS_7J4UvFkbAAAB: Received packet PONG data 
2025-06-02 19:14:54,953 - engineio.server - INFO - QD9MgDS_7J4UvFkbAAAB: Sending packet PING data None
2025-06-02 19:14:54,954 - engineio.server - INFO - QD9MgDS_7J4UvFkbAAAB: Received packet PONG data 
2025-06-02 19:15:19,961 - engineio.server - INFO - QD9MgDS_7J4UvFkbAAAB: Sending packet PING data None
2025-06-02 19:15:19,962 - engineio.server - INFO - QD9MgDS_7J4UvFkbAAAB: Received packet PONG data 
2025-06-02 19:15:44,970 - engineio.server - INFO - QD9MgDS_7J4UvFkbAAAB: Sending packet PING data None
2025-06-02 19:15:44,971 - engineio.server - INFO - QD9MgDS_7J4UvFkbAAAB: Received packet PONG data 
2025-06-02 19:16:09,982 - engineio.server - INFO - QD9MgDS_7J4UvFkbAAAB: Sending packet PING data None
2025-06-02 19:16:09,985 - engineio.server - INFO - QD9MgDS_7J4UvFkbAAAB: Received packet PONG data 
2025-06-02 19:16:34,986 - engineio.server - INFO - QD9MgDS_7J4UvFkbAAAB: Sending packet PING data None
2025-06-02 19:16:34,988 - engineio.server - INFO - QD9MgDS_7J4UvFkbAAAB: Received packet PONG data 
2025-06-02 19:17:00,003 - engineio.server - INFO - QD9MgDS_7J4UvFkbAAAB: Sending packet PING data None
2025-06-02 19:17:00,006 - engineio.server - INFO - QD9MgDS_7J4UvFkbAAAB: Received packet PONG data 
2025-06-02 19:17:25,011 - engineio.server - INFO - QD9MgDS_7J4UvFkbAAAB: Sending packet PING data None
2025-06-02 19:17:25,013 - engineio.server - INFO - QD9MgDS_7J4UvFkbAAAB: Received packet PONG data 
2025-06-02 19:17:50,029 - engineio.server - INFO - QD9MgDS_7J4UvFkbAAAB: Sending packet PING data None
2025-06-02 19:17:50,032 - engineio.server - INFO - QD9MgDS_7J4UvFkbAAAB: Received packet PONG data 
2025-06-02 19:18:15,040 - engineio.server - INFO - QD9MgDS_7J4UvFkbAAAB: Sending packet PING data None
2025-06-02 19:18:15,043 - engineio.server - INFO - QD9MgDS_7J4UvFkbAAAB: Received packet PONG data 
2025-06-02 19:18:40,072 - engineio.server - INFO - QD9MgDS_7J4UvFkbAAAB: Sending packet PING data None
2025-06-02 19:18:40,074 - engineio.server - INFO - QD9MgDS_7J4UvFkbAAAB: Received packet PONG data 
2025-06-02 19:19:05,092 - engineio.server - INFO - QD9MgDS_7J4UvFkbAAAB: Sending packet PING data None
2025-06-02 19:19:05,095 - engineio.server - INFO - QD9MgDS_7J4UvFkbAAAB: Received packet PONG data 
2025-06-02 19:19:30,107 - engineio.server - INFO - QD9MgDS_7J4UvFkbAAAB: Sending packet PING data None
2025-06-02 19:19:30,110 - engineio.server - INFO - QD9MgDS_7J4UvFkbAAAB: Received packet PONG data 
2025-06-02 19:19:55,121 - engineio.server - INFO - QD9MgDS_7J4UvFkbAAAB: Sending packet PING data None
2025-06-02 19:19:55,124 - engineio.server - INFO - QD9MgDS_7J4UvFkbAAAB: Received packet PONG data 
2025-06-02 19:20:20,136 - engineio.server - INFO - QD9MgDS_7J4UvFkbAAAB: Sending packet PING data None
2025-06-02 19:20:20,140 - engineio.server - INFO - QD9MgDS_7J4UvFkbAAAB: Received packet PONG data 
2025-06-02 19:20:45,150 - engineio.server - INFO - QD9MgDS_7J4UvFkbAAAB: Sending packet PING data None
2025-06-02 19:20:45,152 - engineio.server - INFO - QD9MgDS_7J4UvFkbAAAB: Received packet PONG data 
2025-06-02 19:21:10,149 - engineio.server - INFO - QD9MgDS_7J4UvFkbAAAB: Sending packet PING data None
2025-06-02 19:21:10,152 - engineio.server - INFO - QD9MgDS_7J4UvFkbAAAB: Received packet PONG data 
2025-06-02 19:21:35,180 - engineio.server - INFO - QD9MgDS_7J4UvFkbAAAB: Sending packet PING data None
2025-06-02 19:21:35,182 - engineio.server - INFO - QD9MgDS_7J4UvFkbAAAB: Received packet PONG data 
2025-06-02 19:22:00,187 - engineio.server - INFO - QD9MgDS_7J4UvFkbAAAB: Sending packet PING data None
2025-06-02 19:22:00,188 - engineio.server - INFO - QD9MgDS_7J4UvFkbAAAB: Received packet PONG data 
2025-06-02 19:22:25,210 - engineio.server - INFO - QD9MgDS_7J4UvFkbAAAB: Sending packet PING data None
2025-06-02 19:22:25,212 - engineio.server - INFO - QD9MgDS_7J4UvFkbAAAB: Received packet PONG data 
2025-06-02 19:22:50,216 - engineio.server - INFO - QD9MgDS_7J4UvFkbAAAB: Sending packet PING data None
2025-06-02 19:22:50,217 - engineio.server - INFO - QD9MgDS_7J4UvFkbAAAB: Received packet PONG data 
2025-06-02 19:23:15,231 - engineio.server - INFO - QD9MgDS_7J4UvFkbAAAB: Sending packet PING data None
2025-06-02 19:23:15,235 - engineio.server - INFO - QD9MgDS_7J4UvFkbAAAB: Received packet PONG data 
2025-06-02 19:23:40,252 - engineio.server - INFO - QD9MgDS_7J4UvFkbAAAB: Sending packet PING data None
2025-06-02 19:23:40,253 - engineio.server - INFO - QD9MgDS_7J4UvFkbAAAB: Received packet PONG data 
2025-06-02 19:24:05,261 - engineio.server - INFO - QD9MgDS_7J4UvFkbAAAB: Sending packet PING data None
2025-06-02 19:24:05,263 - engineio.server - INFO - QD9MgDS_7J4UvFkbAAAB: Received packet PONG data 
2025-06-02 19:24:30,269 - engineio.server - INFO - QD9MgDS_7J4UvFkbAAAB: Sending packet PING data None
2025-06-02 19:24:30,272 - engineio.server - INFO - QD9MgDS_7J4UvFkbAAAB: Received packet PONG data 
2025-06-02 19:24:55,280 - engineio.server - INFO - QD9MgDS_7J4UvFkbAAAB: Sending packet PING data None
2025-06-02 19:24:55,281 - engineio.server - INFO - QD9MgDS_7J4UvFkbAAAB: Received packet PONG data 
2025-06-02 19:25:20,292 - engineio.server - INFO - QD9MgDS_7J4UvFkbAAAB: Sending packet PING data None
2025-06-02 19:25:20,294 - engineio.server - INFO - QD9MgDS_7J4UvFkbAAAB: Received packet PONG data 
2025-06-02 19:25:45,316 - engineio.server - INFO - QD9MgDS_7J4UvFkbAAAB: Sending packet PING data None
2025-06-02 19:25:45,318 - engineio.server - INFO - QD9MgDS_7J4UvFkbAAAB: Received packet PONG data 
2025-06-02 19:26:10,328 - engineio.server - INFO - QD9MgDS_7J4UvFkbAAAB: Sending packet PING data None
2025-06-02 19:26:10,329 - engineio.server - INFO - QD9MgDS_7J4UvFkbAAAB: Received packet PONG data 
2025-06-02 19:26:35,340 - engineio.server - INFO - QD9MgDS_7J4UvFkbAAAB: Sending packet PING data None
2025-06-02 19:26:35,343 - engineio.server - INFO - QD9MgDS_7J4UvFkbAAAB: Received packet PONG data 
2025-06-02 19:27:00,345 - engineio.server - INFO - QD9MgDS_7J4UvFkbAAAB: Sending packet PING data None
2025-06-02 19:27:00,346 - engineio.server - INFO - QD9MgDS_7J4UvFkbAAAB: Received packet PONG data 
2025-06-02 19:27:25,360 - engineio.server - INFO - QD9MgDS_7J4UvFkbAAAB: Sending packet PING data None
2025-06-02 19:27:25,362 - engineio.server - INFO - QD9MgDS_7J4UvFkbAAAB: Received packet PONG data 
2025-06-02 19:27:50,364 - engineio.server - INFO - QD9MgDS_7J4UvFkbAAAB: Sending packet PING data None
2025-06-02 19:27:50,366 - engineio.server - INFO - QD9MgDS_7J4UvFkbAAAB: Received packet PONG data 
2025-06-02 19:28:15,369 - engineio.server - INFO - QD9MgDS_7J4UvFkbAAAB: Sending packet PING data None
2025-06-02 19:28:15,372 - engineio.server - INFO - QD9MgDS_7J4UvFkbAAAB: Received packet PONG data 
2025-06-02 19:28:40,388 - engineio.server - INFO - QD9MgDS_7J4UvFkbAAAB: Sending packet PING data None
2025-06-02 19:28:40,389 - engineio.server - INFO - QD9MgDS_7J4UvFkbAAAB: Received packet PONG data 
2025-06-02 19:29:05,400 - engineio.server - INFO - QD9MgDS_7J4UvFkbAAAB: Sending packet PING data None
2025-06-02 19:29:05,403 - engineio.server - INFO - QD9MgDS_7J4UvFkbAAAB: Received packet PONG data 
2025-06-02 19:29:30,408 - engineio.server - INFO - QD9MgDS_7J4UvFkbAAAB: Sending packet PING data None
2025-06-02 19:29:30,411 - engineio.server - INFO - QD9MgDS_7J4UvFkbAAAB: Received packet PONG data 
2025-06-02 19:29:55,425 - engineio.server - INFO - QD9MgDS_7J4UvFkbAAAB: Sending packet PING data None
2025-06-02 19:29:55,426 - engineio.server - INFO - QD9MgDS_7J4UvFkbAAAB: Received packet PONG data 
2025-06-02 19:30:20,435 - engineio.server - INFO - QD9MgDS_7J4UvFkbAAAB: Sending packet PING data None
2025-06-02 19:30:20,436 - engineio.server - INFO - QD9MgDS_7J4UvFkbAAAB: Received packet PONG data 
2025-06-02 19:30:45,452 - engineio.server - INFO - QD9MgDS_7J4UvFkbAAAB: Sending packet PING data None
2025-06-02 19:30:45,455 - engineio.server - INFO - QD9MgDS_7J4UvFkbAAAB: Received packet PONG data 
2025-06-02 19:31:10,467 - engineio.server - INFO - QD9MgDS_7J4UvFkbAAAB: Sending packet PING data None
2025-06-02 19:31:10,469 - engineio.server - INFO - QD9MgDS_7J4UvFkbAAAB: Received packet PONG data 
2025-06-02 19:31:35,487 - engineio.server - INFO - QD9MgDS_7J4UvFkbAAAB: Sending packet PING data None
2025-06-02 19:31:35,490 - engineio.server - INFO - QD9MgDS_7J4UvFkbAAAB: Received packet PONG data 
2025-06-02 19:32:00,487 - engineio.server - INFO - QD9MgDS_7J4UvFkbAAAB: Sending packet PING data None
2025-06-02 19:32:00,491 - engineio.server - INFO - QD9MgDS_7J4UvFkbAAAB: Received packet PONG data 
2025-06-02 19:32:25,491 - engineio.server - INFO - QD9MgDS_7J4UvFkbAAAB: Sending packet PING data None
2025-06-02 19:32:25,495 - engineio.server - INFO - QD9MgDS_7J4UvFkbAAAB: Received packet PONG data 
2025-06-02 19:32:50,509 - engineio.server - INFO - QD9MgDS_7J4UvFkbAAAB: Sending packet PING data None
2025-06-02 19:32:50,511 - engineio.server - INFO - QD9MgDS_7J4UvFkbAAAB: Received packet PONG data 
2025-06-02 19:33:15,508 - engineio.server - INFO - QD9MgDS_7J4UvFkbAAAB: Sending packet PING data None
2025-06-02 19:33:15,510 - engineio.server - INFO - QD9MgDS_7J4UvFkbAAAB: Received packet PONG data 
2025-06-02 19:33:40,502 - engineio.server - INFO - QD9MgDS_7J4UvFkbAAAB: Sending packet PING data None
2025-06-02 19:33:40,506 - engineio.server - INFO - QD9MgDS_7J4UvFkbAAAB: Received packet PONG data 
2025-06-02 19:34:05,511 - engineio.server - INFO - QD9MgDS_7J4UvFkbAAAB: Sending packet PING data None
2025-06-02 19:34:05,515 - engineio.server - INFO - QD9MgDS_7J4UvFkbAAAB: Received packet PONG data 
2025-06-02 19:34:30,519 - engineio.server - INFO - QD9MgDS_7J4UvFkbAAAB: Sending packet PING data None
2025-06-02 19:34:30,524 - engineio.server - INFO - QD9MgDS_7J4UvFkbAAAB: Received packet PONG data 
2025-06-02 19:34:55,526 - engineio.server - INFO - QD9MgDS_7J4UvFkbAAAB: Sending packet PING data None
2025-06-02 19:34:55,529 - engineio.server - INFO - QD9MgDS_7J4UvFkbAAAB: Received packet PONG data 
2025-06-02 19:35:20,542 - engineio.server - INFO - QD9MgDS_7J4UvFkbAAAB: Sending packet PING data None
2025-06-02 19:35:20,546 - engineio.server - INFO - QD9MgDS_7J4UvFkbAAAB: Received packet PONG data 
2025-06-02 19:35:45,560 - engineio.server - INFO - QD9MgDS_7J4UvFkbAAAB: Sending packet PING data None
2025-06-02 19:35:45,562 - engineio.server - INFO - QD9MgDS_7J4UvFkbAAAB: Received packet PONG data 
2025-06-02 19:36:10,575 - engineio.server - INFO - QD9MgDS_7J4UvFkbAAAB: Sending packet PING data None
2025-06-02 19:36:10,576 - engineio.server - INFO - QD9MgDS_7J4UvFkbAAAB: Received packet PONG data 
2025-06-02 19:36:35,588 - engineio.server - INFO - QD9MgDS_7J4UvFkbAAAB: Sending packet PING data None
2025-06-02 19:36:35,590 - engineio.server - INFO - QD9MgDS_7J4UvFkbAAAB: Received packet PONG data 
2025-06-02 19:37:00,601 - engineio.server - INFO - QD9MgDS_7J4UvFkbAAAB: Sending packet PING data None
2025-06-02 19:37:00,606 - engineio.server - INFO - QD9MgDS_7J4UvFkbAAAB: Received packet PONG data 
2025-06-02 19:37:25,621 - engineio.server - INFO - QD9MgDS_7J4UvFkbAAAB: Sending packet PING data None
2025-06-02 19:37:25,625 - engineio.server - INFO - QD9MgDS_7J4UvFkbAAAB: Received packet PONG data 
2025-06-02 19:37:50,628 - engineio.server - INFO - QD9MgDS_7J4UvFkbAAAB: Sending packet PING data None
2025-06-02 19:37:50,631 - engineio.server - INFO - QD9MgDS_7J4UvFkbAAAB: Received packet PONG data 
2025-06-02 19:38:15,644 - engineio.server - INFO - QD9MgDS_7J4UvFkbAAAB: Sending packet PING data None
2025-06-02 19:38:15,647 - engineio.server - INFO - QD9MgDS_7J4UvFkbAAAB: Received packet PONG data 
2025-06-02 19:38:40,644 - engineio.server - INFO - QD9MgDS_7J4UvFkbAAAB: Sending packet PING data None
2025-06-02 19:38:40,648 - engineio.server - INFO - QD9MgDS_7J4UvFkbAAAB: Received packet PONG data 
2025-06-02 19:39:05,652 - engineio.server - INFO - QD9MgDS_7J4UvFkbAAAB: Sending packet PING data None
2025-06-02 19:39:05,655 - engineio.server - INFO - QD9MgDS_7J4UvFkbAAAB: Received packet PONG data 
2025-06-02 19:39:30,657 - engineio.server - INFO - QD9MgDS_7J4UvFkbAAAB: Sending packet PING data None
2025-06-02 19:39:30,659 - engineio.server - INFO - QD9MgDS_7J4UvFkbAAAB: Received packet PONG data 
2025-06-02 19:39:55,674 - engineio.server - INFO - QD9MgDS_7J4UvFkbAAAB: Sending packet PING data None
2025-06-02 19:39:55,677 - engineio.server - INFO - QD9MgDS_7J4UvFkbAAAB: Received packet PONG data 
2025-06-02 19:40:20,690 - engineio.server - INFO - QD9MgDS_7J4UvFkbAAAB: Sending packet PING data None
2025-06-02 19:40:20,693 - engineio.server - INFO - QD9MgDS_7J4UvFkbAAAB: Received packet PONG data 
2025-06-02 19:40:45,698 - engineio.server - INFO - QD9MgDS_7J4UvFkbAAAB: Sending packet PING data None
2025-06-02 19:40:45,701 - engineio.server - INFO - QD9MgDS_7J4UvFkbAAAB: Received packet PONG data 
2025-06-02 19:41:10,727 - engineio.server - INFO - QD9MgDS_7J4UvFkbAAAB: Sending packet PING data None
2025-06-02 19:41:10,732 - engineio.server - INFO - QD9MgDS_7J4UvFkbAAAB: Received packet PONG data 
2025-06-02 19:41:35,746 - engineio.server - INFO - QD9MgDS_7J4UvFkbAAAB: Sending packet PING data None
2025-06-02 19:41:35,748 - engineio.server - INFO - QD9MgDS_7J4UvFkbAAAB: Received packet PONG data 
2025-06-02 19:42:00,764 - engineio.server - INFO - QD9MgDS_7J4UvFkbAAAB: Sending packet PING data None
2025-06-02 19:42:00,767 - engineio.server - INFO - QD9MgDS_7J4UvFkbAAAB: Received packet PONG data 
2025-06-02 19:42:25,778 - engineio.server - INFO - QD9MgDS_7J4UvFkbAAAB: Sending packet PING data None
2025-06-02 19:42:25,782 - engineio.server - INFO - QD9MgDS_7J4UvFkbAAAB: Received packet PONG data 
2025-06-02 19:42:50,805 - engineio.server - INFO - QD9MgDS_7J4UvFkbAAAB: Sending packet PING data None
2025-06-02 19:42:50,807 - engineio.server - INFO - QD9MgDS_7J4UvFkbAAAB: Received packet PONG data 
2025-06-02 19:43:15,801 - engineio.server - INFO - QD9MgDS_7J4UvFkbAAAB: Sending packet PING data None
2025-06-02 19:43:15,806 - engineio.server - INFO - QD9MgDS_7J4UvFkbAAAB: Received packet PONG data 
2025-06-02 19:43:40,796 - engineio.server - INFO - QD9MgDS_7J4UvFkbAAAB: Sending packet PING data None
2025-06-02 19:43:40,799 - engineio.server - INFO - QD9MgDS_7J4UvFkbAAAB: Received packet PONG data 
2025-06-02 19:44:05,801 - engineio.server - INFO - QD9MgDS_7J4UvFkbAAAB: Sending packet PING data None
2025-06-02 19:44:05,805 - engineio.server - INFO - QD9MgDS_7J4UvFkbAAAB: Received packet PONG data 
2025-06-02 19:44:30,806 - engineio.server - INFO - QD9MgDS_7J4UvFkbAAAB: Sending packet PING data None
2025-06-02 19:44:30,809 - engineio.server - INFO - QD9MgDS_7J4UvFkbAAAB: Received packet PONG data 
2025-06-02 19:44:55,811 - engineio.server - INFO - QD9MgDS_7J4UvFkbAAAB: Sending packet PING data None
2025-06-02 19:44:55,815 - engineio.server - INFO - QD9MgDS_7J4UvFkbAAAB: Received packet PONG data 
2025-06-02 19:45:20,825 - engineio.server - INFO - QD9MgDS_7J4UvFkbAAAB: Sending packet PING data None
2025-06-02 19:45:20,828 - engineio.server - INFO - QD9MgDS_7J4UvFkbAAAB: Received packet PONG data 
2025-06-02 19:45:45,838 - engineio.server - INFO - QD9MgDS_7J4UvFkbAAAB: Sending packet PING data None
2025-06-02 19:45:45,841 - engineio.server - INFO - QD9MgDS_7J4UvFkbAAAB: Received packet PONG data 
2025-06-02 19:46:10,855 - engineio.server - INFO - QD9MgDS_7J4UvFkbAAAB: Sending packet PING data None
2025-06-02 19:46:10,858 - engineio.server - INFO - QD9MgDS_7J4UvFkbAAAB: Received packet PONG data 
2025-06-02 19:46:35,875 - engineio.server - INFO - QD9MgDS_7J4UvFkbAAAB: Sending packet PING data None
2025-06-02 19:46:35,876 - engineio.server - INFO - QD9MgDS_7J4UvFkbAAAB: Received packet PONG data 
2025-06-02 19:47:00,871 - engineio.server - INFO - QD9MgDS_7J4UvFkbAAAB: Sending packet PING data None
2025-06-02 19:47:00,872 - engineio.server - INFO - QD9MgDS_7J4UvFkbAAAB: Received packet PONG data 
2025-06-02 19:47:25,890 - engineio.server - INFO - QD9MgDS_7J4UvFkbAAAB: Sending packet PING data None
2025-06-02 19:47:25,893 - engineio.server - INFO - QD9MgDS_7J4UvFkbAAAB: Received packet PONG data 
2025-06-02 19:47:50,904 - engineio.server - INFO - QD9MgDS_7J4UvFkbAAAB: Sending packet PING data None
2025-06-02 19:47:50,907 - engineio.server - INFO - QD9MgDS_7J4UvFkbAAAB: Received packet PONG data 
2025-06-02 19:48:15,917 - engineio.server - INFO - QD9MgDS_7J4UvFkbAAAB: Sending packet PING data None
2025-06-02 19:48:15,919 - engineio.server - INFO - QD9MgDS_7J4UvFkbAAAB: Received packet PONG data 
2025-06-02 19:48:40,937 - engineio.server - INFO - QD9MgDS_7J4UvFkbAAAB: Sending packet PING data None
2025-06-02 19:48:40,939 - engineio.server - INFO - QD9MgDS_7J4UvFkbAAAB: Received packet PONG data 
2025-06-02 19:49:05,958 - engineio.server - INFO - QD9MgDS_7J4UvFkbAAAB: Sending packet PING data None
2025-06-02 19:49:05,960 - engineio.server - INFO - QD9MgDS_7J4UvFkbAAAB: Received packet PONG data 
2025-06-02 19:49:30,962 - engineio.server - INFO - QD9MgDS_7J4UvFkbAAAB: Sending packet PING data None
2025-06-02 19:49:30,965 - engineio.server - INFO - QD9MgDS_7J4UvFkbAAAB: Received packet PONG data 
2025-06-02 19:49:55,987 - engineio.server - INFO - QD9MgDS_7J4UvFkbAAAB: Sending packet PING data None
2025-06-02 19:49:55,989 - engineio.server - INFO - QD9MgDS_7J4UvFkbAAAB: Received packet PONG data 
2025-06-02 19:50:20,990 - engineio.server - INFO - QD9MgDS_7J4UvFkbAAAB: Sending packet PING data None
2025-06-02 19:50:20,993 - engineio.server - INFO - QD9MgDS_7J4UvFkbAAAB: Received packet PONG data 
2025-06-02 19:50:46,001 - engineio.server - INFO - QD9MgDS_7J4UvFkbAAAB: Sending packet PING data None
2025-06-02 19:50:46,002 - engineio.server - INFO - QD9MgDS_7J4UvFkbAAAB: Received packet PONG data 
2025-06-02 19:51:11,018 - engineio.server - INFO - QD9MgDS_7J4UvFkbAAAB: Sending packet PING data None
2025-06-02 19:51:11,020 - engineio.server - INFO - QD9MgDS_7J4UvFkbAAAB: Received packet PONG data 
2025-06-02 19:51:36,028 - engineio.server - INFO - QD9MgDS_7J4UvFkbAAAB: Sending packet PING data None
2025-06-02 19:51:36,030 - engineio.server - INFO - QD9MgDS_7J4UvFkbAAAB: Received packet PONG data 
2025-06-02 19:52:01,047 - engineio.server - INFO - QD9MgDS_7J4UvFkbAAAB: Sending packet PING data None
2025-06-02 19:52:01,051 - engineio.server - INFO - QD9MgDS_7J4UvFkbAAAB: Received packet PONG data 
2025-06-02 19:52:26,062 - engineio.server - INFO - QD9MgDS_7J4UvFkbAAAB: Sending packet PING data None
2025-06-02 19:52:26,065 - engineio.server - INFO - QD9MgDS_7J4UvFkbAAAB: Received packet PONG data 
2025-06-02 19:52:51,070 - engineio.server - INFO - QD9MgDS_7J4UvFkbAAAB: Sending packet PING data None
2025-06-02 19:52:51,075 - engineio.server - INFO - QD9MgDS_7J4UvFkbAAAB: Received packet PONG data 
2025-06-02 19:53:16,078 - engineio.server - INFO - QD9MgDS_7J4UvFkbAAAB: Sending packet PING data None
2025-06-02 19:53:16,082 - engineio.server - INFO - QD9MgDS_7J4UvFkbAAAB: Received packet PONG data 
2025-06-02 19:53:41,100 - engineio.server - INFO - QD9MgDS_7J4UvFkbAAAB: Sending packet PING data None
2025-06-02 19:53:41,104 - engineio.server - INFO - QD9MgDS_7J4UvFkbAAAB: Received packet PONG data 
2025-06-02 19:54:06,116 - engineio.server - INFO - QD9MgDS_7J4UvFkbAAAB: Sending packet PING data None
2025-06-02 19:54:06,118 - engineio.server - INFO - QD9MgDS_7J4UvFkbAAAB: Received packet PONG data 
2025-06-02 19:54:31,130 - engineio.server - INFO - QD9MgDS_7J4UvFkbAAAB: Sending packet PING data None
2025-06-02 19:54:31,134 - engineio.server - INFO - QD9MgDS_7J4UvFkbAAAB: Received packet PONG data 
2025-06-02 19:54:56,123 - engineio.server - INFO - QD9MgDS_7J4UvFkbAAAB: Sending packet PING data None
2025-06-02 19:54:56,126 - engineio.server - INFO - QD9MgDS_7J4UvFkbAAAB: Received packet PONG data 
2025-06-02 19:55:21,141 - engineio.server - INFO - QD9MgDS_7J4UvFkbAAAB: Sending packet PING data None
2025-06-02 19:55:21,145 - engineio.server - INFO - QD9MgDS_7J4UvFkbAAAB: Received packet PONG data 
2025-06-02 19:55:46,141 - engineio.server - INFO - QD9MgDS_7J4UvFkbAAAB: Sending packet PING data None
2025-06-02 19:55:46,144 - engineio.server - INFO - QD9MgDS_7J4UvFkbAAAB: Received packet PONG data 
2025-06-02 19:56:11,144 - engineio.server - INFO - QD9MgDS_7J4UvFkbAAAB: Sending packet PING data None
2025-06-02 19:56:11,149 - engineio.server - INFO - QD9MgDS_7J4UvFkbAAAB: Received packet PONG data 
2025-06-02 19:56:36,152 - engineio.server - INFO - QD9MgDS_7J4UvFkbAAAB: Sending packet PING data None
2025-06-02 19:56:36,154 - engineio.server - INFO - QD9MgDS_7J4UvFkbAAAB: Received packet PONG data 
2025-06-02 19:57:01,176 - engineio.server - INFO - QD9MgDS_7J4UvFkbAAAB: Sending packet PING data None
2025-06-02 19:57:01,179 - engineio.server - INFO - QD9MgDS_7J4UvFkbAAAB: Received packet PONG data 
2025-06-02 19:57:26,175 - engineio.server - INFO - QD9MgDS_7J4UvFkbAAAB: Sending packet PING data None
2025-06-02 19:57:26,178 - engineio.server - INFO - QD9MgDS_7J4UvFkbAAAB: Received packet PONG data 
2025-06-02 19:57:51,186 - engineio.server - INFO - QD9MgDS_7J4UvFkbAAAB: Sending packet PING data None
2025-06-02 19:57:51,190 - engineio.server - INFO - QD9MgDS_7J4UvFkbAAAB: Received packet PONG data 
2025-06-02 19:58:16,201 - engineio.server - INFO - QD9MgDS_7J4UvFkbAAAB: Sending packet PING data None
2025-06-02 19:58:16,203 - engineio.server - INFO - QD9MgDS_7J4UvFkbAAAB: Received packet PONG data 
2025-06-02 19:58:41,212 - engineio.server - INFO - QD9MgDS_7J4UvFkbAAAB: Sending packet PING data None
2025-06-02 19:58:41,214 - engineio.server - INFO - QD9MgDS_7J4UvFkbAAAB: Received packet PONG data 
2025-06-02 19:59:06,218 - engineio.server - INFO - QD9MgDS_7J4UvFkbAAAB: Sending packet PING data None
2025-06-02 19:59:06,220 - engineio.server - INFO - QD9MgDS_7J4UvFkbAAAB: Received packet PONG data 
2025-06-02 19:59:31,229 - engineio.server - INFO - QD9MgDS_7J4UvFkbAAAB: Sending packet PING data None
2025-06-02 19:59:31,231 - engineio.server - INFO - QD9MgDS_7J4UvFkbAAAB: Received packet PONG data 
2025-06-02 19:59:56,251 - engineio.server - INFO - QD9MgDS_7J4UvFkbAAAB: Sending packet PING data None
2025-06-02 19:59:56,252 - engineio.server - INFO - QD9MgDS_7J4UvFkbAAAB: Received packet PONG data 
2025-06-02 20:00:21,274 - engineio.server - INFO - QD9MgDS_7J4UvFkbAAAB: Sending packet PING data None
2025-06-02 20:00:21,276 - engineio.server - INFO - QD9MgDS_7J4UvFkbAAAB: Received packet PONG data 
2025-06-02 20:00:46,284 - engineio.server - INFO - QD9MgDS_7J4UvFkbAAAB: Sending packet PING data None
2025-06-02 20:00:46,288 - engineio.server - INFO - QD9MgDS_7J4UvFkbAAAB: Received packet PONG data 
2025-06-02 20:01:11,286 - engineio.server - INFO - QD9MgDS_7J4UvFkbAAAB: Sending packet PING data None
2025-06-02 20:01:11,288 - engineio.server - INFO - QD9MgDS_7J4UvFkbAAAB: Received packet PONG data 
2025-06-02 20:01:36,293 - engineio.server - INFO - QD9MgDS_7J4UvFkbAAAB: Sending packet PING data None
2025-06-02 20:01:36,295 - engineio.server - INFO - QD9MgDS_7J4UvFkbAAAB: Received packet PONG data 
2025-06-02 20:02:01,303 - engineio.server - INFO - QD9MgDS_7J4UvFkbAAAB: Sending packet PING data None
2025-06-02 20:02:01,306 - engineio.server - INFO - QD9MgDS_7J4UvFkbAAAB: Received packet PONG data 
2025-06-02 20:02:26,308 - engineio.server - INFO - QD9MgDS_7J4UvFkbAAAB: Sending packet PING data None
2025-06-02 20:02:26,311 - engineio.server - INFO - QD9MgDS_7J4UvFkbAAAB: Received packet PONG data 
2025-06-02 20:02:51,327 - engineio.server - INFO - QD9MgDS_7J4UvFkbAAAB: Sending packet PING data None
2025-06-02 20:02:51,330 - engineio.server - INFO - QD9MgDS_7J4UvFkbAAAB: Received packet PONG data 
2025-06-02 20:03:16,334 - engineio.server - INFO - QD9MgDS_7J4UvFkbAAAB: Sending packet PING data None
2025-06-02 20:03:16,336 - engineio.server - INFO - QD9MgDS_7J4UvFkbAAAB: Received packet PONG data 
2025-06-02 20:03:41,334 - engineio.server - INFO - QD9MgDS_7J4UvFkbAAAB: Sending packet PING data None
2025-06-02 20:03:41,336 - engineio.server - INFO - QD9MgDS_7J4UvFkbAAAB: Received packet PONG data 
2025-06-02 20:04:06,346 - engineio.server - INFO - QD9MgDS_7J4UvFkbAAAB: Sending packet PING data None
2025-06-02 20:04:06,349 - engineio.server - INFO - QD9MgDS_7J4UvFkbAAAB: Received packet PONG data 
2025-06-02 20:04:31,351 - engineio.server - INFO - QD9MgDS_7J4UvFkbAAAB: Sending packet PING data None
2025-06-02 20:04:31,353 - engineio.server - INFO - QD9MgDS_7J4UvFkbAAAB: Received packet PONG data 
2025-06-02 20:04:56,363 - engineio.server - INFO - QD9MgDS_7J4UvFkbAAAB: Sending packet PING data None
2025-06-02 20:04:56,364 - engineio.server - INFO - QD9MgDS_7J4UvFkbAAAB: Received packet PONG data 
2025-06-02 20:05:21,365 - engineio.server - INFO - QD9MgDS_7J4UvFkbAAAB: Sending packet PING data None
2025-06-02 20:05:21,369 - engineio.server - INFO - QD9MgDS_7J4UvFkbAAAB: Received packet PONG data 
2025-06-02 20:05:46,380 - engineio.server - INFO - QD9MgDS_7J4UvFkbAAAB: Sending packet PING data None
2025-06-02 20:05:46,386 - engineio.server - INFO - QD9MgDS_7J4UvFkbAAAB: Received packet PONG data 
2025-06-02 20:06:11,401 - engineio.server - INFO - QD9MgDS_7J4UvFkbAAAB: Sending packet PING data None
2025-06-02 20:06:11,403 - engineio.server - INFO - QD9MgDS_7J4UvFkbAAAB: Received packet PONG data 
2025-06-02 20:06:36,419 - engineio.server - INFO - QD9MgDS_7J4UvFkbAAAB: Sending packet PING data None
2025-06-02 20:06:36,420 - engineio.server - INFO - QD9MgDS_7J4UvFkbAAAB: Received packet PONG data 
2025-06-02 20:07:01,432 - engineio.server - INFO - QD9MgDS_7J4UvFkbAAAB: Sending packet PING data None
2025-06-02 20:07:01,436 - engineio.server - INFO - QD9MgDS_7J4UvFkbAAAB: Received packet PONG data 
2025-06-02 20:07:26,451 - engineio.server - INFO - QD9MgDS_7J4UvFkbAAAB: Sending packet PING data None
2025-06-02 20:07:26,453 - engineio.server - INFO - QD9MgDS_7J4UvFkbAAAB: Received packet PONG data 
2025-06-02 20:07:51,465 - engineio.server - INFO - QD9MgDS_7J4UvFkbAAAB: Sending packet PING data None
2025-06-02 20:07:51,468 - engineio.server - INFO - QD9MgDS_7J4UvFkbAAAB: Received packet PONG data 
2025-06-02 20:08:16,483 - engineio.server - INFO - QD9MgDS_7J4UvFkbAAAB: Sending packet PING data None
2025-06-02 20:08:16,486 - engineio.server - INFO - QD9MgDS_7J4UvFkbAAAB: Received packet PONG data 
2025-06-02 20:08:41,493 - engineio.server - INFO - QD9MgDS_7J4UvFkbAAAB: Sending packet PING data None
2025-06-02 20:08:41,496 - engineio.server - INFO - QD9MgDS_7J4UvFkbAAAB: Received packet PONG data 
2025-06-02 20:09:06,511 - engineio.server - INFO - QD9MgDS_7J4UvFkbAAAB: Sending packet PING data None
2025-06-02 20:09:06,516 - engineio.server - INFO - QD9MgDS_7J4UvFkbAAAB: Received packet PONG data 
2025-06-02 20:09:31,534 - engineio.server - INFO - QD9MgDS_7J4UvFkbAAAB: Sending packet PING data None
2025-06-02 20:09:31,537 - engineio.server - INFO - QD9MgDS_7J4UvFkbAAAB: Received packet PONG data 
2025-06-02 20:09:56,540 - engineio.server - INFO - QD9MgDS_7J4UvFkbAAAB: Sending packet PING data None
2025-06-02 20:09:56,546 - engineio.server - INFO - QD9MgDS_7J4UvFkbAAAB: Received packet PONG data 
2025-06-02 20:10:21,552 - engineio.server - INFO - QD9MgDS_7J4UvFkbAAAB: Sending packet PING data None
2025-06-02 20:10:21,555 - engineio.server - INFO - QD9MgDS_7J4UvFkbAAAB: Received packet PONG data 
2025-06-02 20:10:46,556 - engineio.server - INFO - QD9MgDS_7J4UvFkbAAAB: Sending packet PING data None
2025-06-02 20:10:46,557 - engineio.server - INFO - QD9MgDS_7J4UvFkbAAAB: Received packet PONG data 
2025-06-02 20:11:11,570 - engineio.server - INFO - QD9MgDS_7J4UvFkbAAAB: Sending packet PING data None
2025-06-02 20:11:11,573 - engineio.server - INFO - QD9MgDS_7J4UvFkbAAAB: Received packet PONG data 
2025-06-02 20:11:36,579 - engineio.server - INFO - QD9MgDS_7J4UvFkbAAAB: Sending packet PING data None
2025-06-02 20:11:36,581 - engineio.server - INFO - QD9MgDS_7J4UvFkbAAAB: Received packet PONG data 
2025-06-02 20:12:01,595 - engineio.server - INFO - QD9MgDS_7J4UvFkbAAAB: Sending packet PING data None
2025-06-02 20:12:01,599 - engineio.server - INFO - QD9MgDS_7J4UvFkbAAAB: Received packet PONG data 
2025-06-02 20:12:26,619 - engineio.server - INFO - QD9MgDS_7J4UvFkbAAAB: Sending packet PING data None
2025-06-02 20:12:26,622 - engineio.server - INFO - QD9MgDS_7J4UvFkbAAAB: Received packet PONG data 
2025-06-02 20:12:51,641 - engineio.server - INFO - QD9MgDS_7J4UvFkbAAAB: Sending packet PING data None
2025-06-02 20:12:51,644 - engineio.server - INFO - QD9MgDS_7J4UvFkbAAAB: Received packet PONG data 
2025-06-02 20:13:16,649 - engineio.server - INFO - QD9MgDS_7J4UvFkbAAAB: Sending packet PING data None
2025-06-02 20:13:16,652 - engineio.server - INFO - QD9MgDS_7J4UvFkbAAAB: Received packet PONG data 
2025-06-02 20:13:41,651 - engineio.server - INFO - QD9MgDS_7J4UvFkbAAAB: Sending packet PING data None
2025-06-02 20:13:41,653 - engineio.server - INFO - QD9MgDS_7J4UvFkbAAAB: Received packet PONG data 
2025-06-02 20:14:19,716 - engineio.server - INFO - oFkknc6qTSFthpXQAAAD: Sending packet OPEN data {'sid': 'oFkknc6qTSFthpXQAAAD', 'upgrades': [], 'pingTimeout': 60000, 'pingInterval': 25000, 'maxPayload': 1000000}
2025-06-02 20:14:19,717 - engineio.server - INFO - oFkknc6qTSFthpXQAAAD: Received request to upgrade to websocket
2025-06-02 20:14:19,718 - engineio.server - INFO - oFkknc6qTSFthpXQAAAD: Upgrade to websocket successful
2025-06-02 20:14:19,723 - engineio.server - INFO - oFkknc6qTSFthpXQAAAD: Received packet MESSAGE data 0
2025-06-02 20:14:19,725 - engineio.server - INFO - oFkknc6qTSFthpXQAAAD: Sending packet MESSAGE data 0{"sid":"2YxWVe6BLOaZGersAAAE"}
2025-06-02 21:10:26,337 - engineio.server - INFO - oFkknc6qTSFthpXQAAAD: Sending packet PING data None
2025-06-02 21:10:26,416 - engineio.server - INFO - oFkknc6qTSFthpXQAAAD: Unexpected error "timed out", closing connection
2025-06-02 21:10:29,905 - engineio.server - INFO - NFF74_CpI9NIkEd9AAAF: Sending packet OPEN data {'sid': 'NFF74_CpI9NIkEd9AAAF', 'upgrades': [], 'pingTimeout': 60000, 'pingInterval': 25000, 'maxPayload': 1000000}
2025-06-02 21:10:29,906 - engineio.server - INFO - NFF74_CpI9NIkEd9AAAF: Received request to upgrade to websocket
2025-06-02 21:10:29,907 - engineio.server - INFO - NFF74_CpI9NIkEd9AAAF: Upgrade to websocket successful
2025-06-02 21:10:29,912 - engineio.server - INFO - NFF74_CpI9NIkEd9AAAF: Received packet MESSAGE data 0
2025-06-02 21:10:29,914 - engineio.server - INFO - NFF74_CpI9NIkEd9AAAF: Sending packet MESSAGE data 0{"sid":"kiyUBHSkYz_w3FA9AAAG"}
2025-06-02 23:27:13,728 - engineio.server - INFO - GswZdwKXEZc13-v6AAAH: Sending packet OPEN data {'sid': 'GswZdwKXEZc13-v6AAAH', 'upgrades': [], 'pingTimeout': 60000, 'pingInterval': 25000, 'maxPayload': 1000000}
2025-06-02 23:27:13,729 - engineio.server - INFO - GswZdwKXEZc13-v6AAAH: Received request to upgrade to websocket
2025-06-02 23:27:13,730 - engineio.server - INFO - GswZdwKXEZc13-v6AAAH: Upgrade to websocket successful
2025-06-02 23:27:13,732 - engineio.server - INFO - GswZdwKXEZc13-v6AAAH: Received packet MESSAGE data 0
2025-06-02 23:27:13,732 - engineio.server - INFO - GswZdwKXEZc13-v6AAAH: Sending packet MESSAGE data 0{"sid":"GGuo5r-Xu9LrVLp_AAAI"}
2025-06-02 23:27:38,748 - engineio.server - INFO - GswZdwKXEZc13-v6AAAH: Sending packet PING data None
2025-06-02 23:27:38,749 - engineio.server - INFO - GswZdwKXEZc13-v6AAAH: Received packet PONG data 
2025-06-02 23:28:03,759 - engineio.server - INFO - GswZdwKXEZc13-v6AAAH: Sending packet PING data None
2025-06-02 23:28:03,761 - engineio.server - INFO - GswZdwKXEZc13-v6AAAH: Received packet PONG data 
2025-06-02 23:28:28,770 - engineio.server - INFO - GswZdwKXEZc13-v6AAAH: Sending packet PING data None
2025-06-02 23:28:28,771 - engineio.server - INFO - GswZdwKXEZc13-v6AAAH: Received packet PONG data 
2025-06-02 23:28:53,786 - engineio.server - INFO - GswZdwKXEZc13-v6AAAH: Sending packet PING data None
2025-06-02 23:28:53,788 - engineio.server - INFO - GswZdwKXEZc13-v6AAAH: Received packet PONG data 
2025-06-03 00:11:36,747 - engineio.server - INFO - SMzifn3JQpASVTvVAAAJ: Sending packet OPEN data {'sid': 'SMzifn3JQpASVTvVAAAJ', 'upgrades': [], 'pingTimeout': 60000, 'pingInterval': 25000, 'maxPayload': 1000000}
2025-06-03 00:11:36,748 - engineio.server - INFO - SMzifn3JQpASVTvVAAAJ: Received request to upgrade to websocket
2025-06-03 00:11:36,749 - engineio.server - INFO - SMzifn3JQpASVTvVAAAJ: Upgrade to websocket successful
2025-06-03 00:11:36,752 - engineio.server - INFO - SMzifn3JQpASVTvVAAAJ: Received packet MESSAGE data 0
2025-06-03 00:11:36,754 - engineio.server - INFO - SMzifn3JQpASVTvVAAAJ: Sending packet MESSAGE data 0{"sid":"-fUz7-i6uKrclrYPAAAK"}
2025-06-03 00:12:01,763 - engineio.server - INFO - SMzifn3JQpASVTvVAAAJ: Sending packet PING data None
2025-06-03 00:12:01,764 - engineio.server - INFO - SMzifn3JQpASVTvVAAAJ: Received packet PONG data 
2025-06-03 00:12:26,775 - engineio.server - INFO - SMzifn3JQpASVTvVAAAJ: Sending packet PING data None
2025-06-03 00:12:26,777 - engineio.server - INFO - SMzifn3JQpASVTvVAAAJ: Received packet PONG data 
2025-06-03 00:12:51,784 - engineio.server - INFO - SMzifn3JQpASVTvVAAAJ: Sending packet PING data None
2025-06-03 00:12:51,785 - engineio.server - INFO - SMzifn3JQpASVTvVAAAJ: Received packet PONG data 
2025-06-03 00:13:16,802 - engineio.server - INFO - SMzifn3JQpASVTvVAAAJ: Sending packet PING data None
2025-06-03 00:13:16,804 - engineio.server - INFO - SMzifn3JQpASVTvVAAAJ: Received packet PONG data 
